\BOOKMARK [1][-]{section.0.1}{\376\377\000I\000n\000t\000r\000o\000d\000u\000c\000t\000i\000o\000n}{}% 1
\BOOKMARK [2][-]{subsection.0.1.1}{\376\377\000P\000r\000\351\000s\000e\000n\000t\000a\000t\000i\000o\000n\000\040\000d\000u\000\040\000p\000r\000o\000j\000e\000t}{section.0.1}% 2
\BOOKMARK [2][-]{subsection.0.1.2}{\376\377\000P\000r\000\351\000s\000e\000n\000t\000a\000t\000i\000o\000n\000\040\000d\000e\000\040\000l\000'\000a\000p\000p\000l\000i\000c\000a\000t\000i\000o\000n}{section.0.1}% 3
\BOOKMARK [2][-]{subsection.0.1.3}{\376\377\000D\000\351\000t\000a\000i\000l\000s\000\040\000s\000u\000r\000\040\000l\000e\000\040\000f\000o\000n\000c\000t\000i\000o\000n\000n\000e\000m\000e\000n\000t\000\040\000d\000e\000\040\000l\000'\000a\000p\000p\000l\000i\000c\000a\000t\000i\000o\000n}{section.0.1}% 4
\BOOKMARK [1][-]{section.0.2}{\376\377\000A\000r\000c\000h\000i\000t\000e\000c\000t\000u\000r\000e}{}% 5
\BOOKMARK [2][-]{subsection.0.2.1}{\376\377\000T\000r\000a\000n\000s\000m\000i\000s\000s\000i\000o\000n\000s\000\040\000d\000e\000s\000\040\000d\000o\000n\000n\000\351\000e\000s}{section.0.2}% 6
\BOOKMARK [1][-]{section.0.3}{\376\377\000U\000G\000E\000G\000r\000e\000e\000d}{}% 7
\BOOKMARK [2][-]{subsection.0.3.1}{\376\377\000R\000F\000C}{section.0.3}% 8
\BOOKMARK [2][-]{subsection.0.3.2}{\376\377\000C\000o\000d\000e}{section.0.3}% 9
\BOOKMARK [1][-]{section.0.4}{\376\377\000U\000t\000i\000l\000i\000s\000a\000t\000i\000o\000n}{}% 10
\BOOKMARK [2][-]{subsection.0.4.1}{\376\377\000C\000o\000n\000n\000e\000x\000i\000o\000n}{section.0.4}% 11
\BOOKMARK [2][-]{subsection.0.4.2}{\376\377\000D\000\351\000c\000o\000n\000n\000e\000x\000i\000o\000n}{section.0.4}% 12
\BOOKMARK [2][-]{subsection.0.4.3}{\376\377\000L\000a\000n\000c\000e\000m\000e\000n\000t}{section.0.4}% 13
\BOOKMARK [1][-]{section.0.5}{\376\377\000\311\000v\000o\000l\000u\000t\000i\000o\000n\000s\000\040\000d\000e\000p\000u\000i\000s\000\040\000l\000a\000\040\000B\000e\000t\000a}{}% 14
\BOOKMARK [2][-]{subsection.0.5.1}{\376\377\000M\000a\000n\000i\000e\000r\000e\000\040\000d\000e\000\040\000t\000r\000a\000i\000t\000e\000r}{section.0.5}% 15
\BOOKMARK [1][-]{section.0.6}{\376\377\000F\000o\000n\000c\000t\000i\000o\000n\000n\000a\000l\000i\000t\000\351\000s}{}% 16
\BOOKMARK [2][-]{subsection.0.6.1}{\376\377\000A\000c\000t\000i\000v\000e\000s}{section.0.6}% 17
\BOOKMARK [2][-]{subsection.0.6.2}{\376\377\000A\000c\000t\000i\000v\000e\000\040\000P\000a\000r\000t\000i\000e\000l\000l\000e\000m\000e\000n\000t}{section.0.6}% 18
\BOOKMARK [2][-]{subsection.0.6.3}{\376\377\000N\000o\000n\000\040\000A\000c\000t\000i\000v\000e}{section.0.6}% 19
\BOOKMARK [1][-]{section.0.7}{\376\377\000D\000i\000f\000f\000i\000c\000u\000l\000t\000\351\000\040\000r\000e\000n\000c\000o\000n\000t\000r\000\351}{}% 20
\BOOKMARK [2][-]{subsection.0.7.1}{\376\377\000D\000i\000f\000f\000i\000c\000u\000l\000t\000\351\000\040\000s\000u\000r\000\040\000l\000a\000\040\000R\000F\000C}{section.0.7}% 21
\BOOKMARK [2][-]{subsection.0.7.2}{\376\377\000D\000i\000f\000f\000i\000c\000u\000l\000t\000\351\000\040\000s\000u\000r\000\040\000l\000e\000\040\000c\000o\000d\000e}{section.0.7}% 22
\BOOKMARK [1][-]{section.0.8}{\376\377\000D\000i\000v\000i\000s\000i\000o\000n\000\040\000d\000u\000\040\000t\000r\000a\000v\000a\000i\000l}{}% 23
\BOOKMARK [2][-]{subsection.0.8.1}{\376\377\000R\000F\000C}{section.0.8}% 24
\BOOKMARK [2][-]{subsection.0.8.2}{\376\377\000C\000o\000d\000e}{section.0.8}% 25
\BOOKMARK [1][-]{section.0.9}{\376\377\000A\000n\000n\000e\000x\000e}{}% 26
\BOOKMARK [2][-]{subsection.0.9.1}{\376\377\000C\000o\000m\000m\000e\000n\000t\000a\000i\000r\000e\000s}{section.0.9}% 27
\BOOKMARK [2][-]{subsection.0.9.2}{\376\377\000R\000e\000m\000e\000r\000c\000i\000e\000m\000e\000n\000t}{section.0.9}% 28
